2020-07-12 23:07:24,898 - inlet.py - 28   - DEBUG sys.path: ['D:\\Temp.Files\\PythonMe\\script', 'D:\\Temp.Files\\PythonMe', 'D:\\Programs\\Anaconda3.2\\envs\\set-py37\\python38.zip', 'D:\\Programs\\Anaconda3.2\\envs\\set-py37\\DLLs', 'D:\\Programs\\Anaconda3.2\\envs\\set-py37\\lib', 'D:\\Programs\\Anaconda3.2\\envs\\set-py37', 'D:\\Programs\\Anaconda3.2\\envs\\set-py37\\lib\\site-packages', 'D:\\Programs\\Anaconda3.2\\envs\\set-py37\\lib\\site-packages\\win32', 'D:\\Programs\\Anaconda3.2\\envs\\set-py37\\lib\\site-packages\\win32\\lib', 'D:\\Programs\\Anaconda3.2\\envs\\set-py37\\lib\\site-packages\\Pythonwin', '../']
2020-07-12 23:07:24,905 - inletParse.py - 15   - DEBUG tag_1level : New Arrivals
2020-07-12 23:07:24,905 - inletParse.py - 20   - DEBUG title: Enemy Behind
2020-07-12 23:07:24,905 - inletParse.py - 25   - DEBUG type: <DOM Element: type at 0x1f8eb3a0af0>, War, Thriller
2020-07-12 23:07:24,905 - inletParse.py - 25   - DEBUG format: <DOM Element: format at 0x1f8eb3a0b80>, DVD
2020-07-12 23:07:24,905 - inletParse.py - 25   - DEBUG rating: <DOM Element: rating at 0x1f8eb3a0ca0>, PG
2020-07-12 23:07:24,905 - inletParse.py - 25   - DEBUG description: <DOM Element: description at 0x1f8eb3a0dc0>, Talk about a US-Japan war
2020-07-12 23:07:24,905 - inletParse.py - 20   - DEBUG title: Transformers
2020-07-12 23:07:24,905 - inletParse.py - 25   - DEBUG type: <DOM Element: type at 0x1f8eb3a0ee0>, Anime, Science Fiction
2020-07-12 23:07:24,905 - inletParse.py - 25   - DEBUG format: <DOM Element: format at 0x1f8eb3a0f70>, DVD
2020-07-12 23:07:24,905 - inletParse.py - 25   - DEBUG rating: <DOM Element: rating at 0x1f8eb3a50d0>, R
2020-07-12 23:07:24,905 - inletParse.py - 25   - DEBUG description: <DOM Element: description at 0x1f8eb3a51f0>, A schientific fiction
2020-07-12 23:07:24,905 - inletParse.py - 20   - DEBUG title: Trigun
2020-07-12 23:07:24,905 - inletParse.py - 25   - DEBUG type: <DOM Element: type at 0x1f8eb3a5310>, Anime, Action
2020-07-12 23:07:24,905 - inletParse.py - 25   - DEBUG format: <DOM Element: format at 0x1f8eb3a53a0>, DVD
2020-07-12 23:07:24,905 - inletParse.py - 25   - DEBUG rating: <DOM Element: rating at 0x1f8eb3a54c0>, PG
2020-07-12 23:07:24,905 - inletParse.py - 25   - DEBUG description: <DOM Element: description at 0x1f8eb3a55e0>, Vash the Stampede!
2020-07-12 23:07:24,905 - inletParse.py - 20   - DEBUG title: Ishtar
2020-07-12 23:07:24,905 - inletParse.py - 25   - DEBUG type: <DOM Element: type at 0x1f8eb3a5700>, Comedy
2020-07-12 23:07:24,906 - inletParse.py - 25   - DEBUG format: <DOM Element: format at 0x1f8eb3a5790>, VHS
2020-07-12 23:07:24,906 - inletParse.py - 25   - DEBUG rating: <DOM Element: rating at 0x1f8eb3a5820>, PG
2020-07-12 23:07:24,906 - inletParse.py - 25   - DEBUG description: <DOM Element: description at 0x1f8eb3a5940>, Viewable boredom
